[30m2022-01-11 20:16:03,517[0;39m [34m[0;39m[32m INFO[0;39m [[34mrestartedMain[0;39m] [33morg.springframework.boot.StartupInfoLogger[0;39m : Starting UserServiceApplication using Java 1.8.0_202 on DESKTOP-MFJBM3L with PID 11888 (C:\Users\werty\3D Objects\flutterProject\herokuDeployments\client-service\target\classes started by werty in C:\Users\werty\3D Objects\flutterProject\herokuDeployments\client-service)
[30m2022-01-11 20:16:03,520[0;39m [34m[0;39m[32m INFO[0;39m [[34mrestartedMain[0;39m] [33morg.springframework.boot.SpringApplication[0;39m : No active profile set, falling back to default profiles: default
[30m2022-01-11 20:16:03,573[0;39m [34m[0;39m[32m INFO[0;39m [[34mrestartedMain[0;39m] [33morg.springframework.boot.logging.DeferredLog[0;39m : Devtools property defaults active! Set 'spring.devtools.add-properties' to 'false' to disable
[30m2022-01-11 20:16:03,573[0;39m [34m[0;39m[32m INFO[0;39m [[34mrestartedMain[0;39m] [33morg.springframework.boot.logging.DeferredLog[0;39m : For additional web related logging consider setting the 'logging.level.web' property to 'DEBUG'
[30m2022-01-11 20:16:05,174[0;39m [34m[0;39m[32m INFO[0;39m [[34mrestartedMain[0;39m] [33morg.springframework.data.repository.config.RepositoryConfigurationDelegate[0;39m : Bootstrapping Spring Data MongoDB repositories in DEFAULT mode.
[30m2022-01-11 20:16:05,240[0;39m [34m[0;39m[32m INFO[0;39m [[34mrestartedMain[0;39m] [33morg.springframework.data.repository.config.RepositoryConfigurationDelegate[0;39m : Finished Spring Data repository scanning in 61 ms. Found 1 MongoDB repository interfaces.
[30m2022-01-11 20:16:05,605[0;39m [34m[0;39m[32m INFO[0;39m [[34mrestartedMain[0;39m] [33morg.springframework.cloud.context.scope.GenericScope[0;39m : BeanFactory id=5565edb9-c9dd-3649-aff1-bec88758b723
[30m2022-01-11 20:16:05,687[0;39m [34m[0;39m[32m INFO[0;39m [[34mrestartedMain[0;39m] [33morg.springframework.context.support.PostProcessorRegistrationDelegate$BeanPostProcessorChecker[0;39m : Bean 'org.springframework.cloud.client.loadbalancer.reactive.LoadBalancerBeanPostProcessorAutoConfiguration' of type [org.springframework.cloud.client.loadbalancer.reactive.LoadBalancerBeanPostProcessorAutoConfiguration] is not eligible for getting processed by all BeanPostProcessors (for example: not eligible for auto-proxying)
[30m2022-01-11 20:16:05,688[0;39m [34m[0;39m[32m INFO[0;39m [[34mrestartedMain[0;39m] [33morg.springframework.context.support.PostProcessorRegistrationDelegate$BeanPostProcessorChecker[0;39m : Bean 'org.springframework.cloud.client.loadbalancer.reactive.LoadBalancerBeanPostProcessorAutoConfiguration$ReactorDeferringLoadBalancerFilterConfig' of type [org.springframework.cloud.client.loadbalancer.reactive.LoadBalancerBeanPostProcessorAutoConfiguration$ReactorDeferringLoadBalancerFilterConfig] is not eligible for getting processed by all BeanPostProcessors (for example: not eligible for auto-proxying)
[30m2022-01-11 20:16:05,690[0;39m [34m[0;39m[32m INFO[0;39m [[34mrestartedMain[0;39m] [33morg.springframework.context.support.PostProcessorRegistrationDelegate$BeanPostProcessorChecker[0;39m : Bean 'reactorDeferringLoadBalancerExchangeFilterFunction' of type [org.springframework.cloud.client.loadbalancer.reactive.DeferringLoadBalancerExchangeFilterFunction] is not eligible for getting processed by all BeanPostProcessors (for example: not eligible for auto-proxying)
[30m2022-01-11 20:16:06,332[0;39m [34m[0;39m[32m INFO[0;39m [[34mrestartedMain[0;39m] [33morg.springframework.boot.web.embedded.tomcat.TomcatWebServer[0;39m : Tomcat initialized with port(s): 8080 (http)
[30m2022-01-11 20:16:06,343[0;39m [34m[0;39m[32m INFO[0;39m [[34mrestartedMain[0;39m] [33morg.apache.juli.logging.DirectJDKLog[0;39m : Starting service [Tomcat]
[30m2022-01-11 20:16:06,343[0;39m [34m[0;39m[32m INFO[0;39m [[34mrestartedMain[0;39m] [33morg.apache.juli.logging.DirectJDKLog[0;39m : Starting Servlet engine: [Apache Tomcat/9.0.56]
[30m2022-01-11 20:16:06,490[0;39m [34m[0;39m[32m INFO[0;39m [[34mrestartedMain[0;39m] [33morg.apache.juli.logging.DirectJDKLog[0;39m : Initializing Spring embedded WebApplicationContext
[30m2022-01-11 20:16:06,490[0;39m [34m[0;39m[32m INFO[0;39m [[34mrestartedMain[0;39m] [33morg.springframework.boot.web.servlet.context.ServletWebServerApplicationContext[0;39m : Root WebApplicationContext: initialization completed in 2916 ms
[30m2022-01-11 20:16:08,300[0;39m [34m[0;39m[32m INFO[0;39m [[34mrestartedMain[0;39m] [33mcom.mongodb.diagnostics.logging.SLF4JLogger[0;39m : Cluster created with settings {hosts=[127.0.0.1:27017], srvHost=cluster0.qkflv.mongodb.net, mode=MULTIPLE, requiredClusterType=REPLICA_SET, serverSelectionTimeout='30000 ms', requiredReplicaSetName='atlas-fhc723-shard-0'}
[30m2022-01-11 20:16:08,447[0;39m [34m[0;39m[32m INFO[0;39m [[34mcluster-ClusterId{value='61ddd7786d474d5077c4a507', description='null'}-srv-cluster0.qkflv.mongodb.net[0;39m] [33mcom.mongodb.diagnostics.logging.SLF4JLogger[0;39m : Adding discovered server cluster0-shard-00-01.qkflv.mongodb.net:27017 to client view of cluster
[30m2022-01-11 20:16:08,517[0;39m [34m[0;39m[32m INFO[0;39m [[34mcluster-ClusterId{value='61ddd7786d474d5077c4a507', description='null'}-srv-cluster0.qkflv.mongodb.net[0;39m] [33mcom.mongodb.diagnostics.logging.SLF4JLogger[0;39m : Adding discovered server cluster0-shard-00-02.qkflv.mongodb.net:27017 to client view of cluster
[30m2022-01-11 20:16:08,519[0;39m [34m[0;39m[32m INFO[0;39m [[34mcluster-ClusterId{value='61ddd7786d474d5077c4a507', description='null'}-srv-cluster0.qkflv.mongodb.net[0;39m] [33mcom.mongodb.diagnostics.logging.SLF4JLogger[0;39m : Adding discovered server cluster0-shard-00-00.qkflv.mongodb.net:27017 to client view of cluster
[30m2022-01-11 20:16:08,764[0;39m [31m[0;39m[33m WARN[0;39m [[34mrestartedMain[0;39m] [33morg.springframework.data.convert.CustomConversions[0;39m : Registering converter from class java.time.LocalDateTime to class org.joda.time.LocalDateTime as reading converter although it doesn't convert from a store-supported type! You might want to check your annotation setup at the converter implementation.
[30m2022-01-11 20:16:09,169[0;39m [34m[0;39m[32m INFO[0;39m [[34mrestartedMain[0;39m] [33morg.springframework.boot.devtools.autoconfigure.OptionalLiveReloadServer[0;39m : LiveReload server is running on port 35729
[30m2022-01-11 20:16:09,338[0;39m [31m[0;39m[33m WARN[0;39m [[34mrestartedMain[0;39m] [33morg.springframework.data.convert.CustomConversions[0;39m : Registering converter from class java.time.LocalDateTime to class org.joda.time.LocalDateTime as reading converter although it doesn't convert from a store-supported type! You might want to check your annotation setup at the converter implementation.
[30m2022-01-11 20:16:11,452[0;39m [34m[0;39m[32m INFO[0;39m [[34mcluster-ClusterId{value='61ddd7786d474d5077c4a507', description='null'}-cluster0-shard-00-01.qkflv.mongodb.net:27017[0;39m] [33mcom.mongodb.diagnostics.logging.SLF4JLogger[0;39m : Opened connection [connectionId{localValue:5, serverValue:22909}] to cluster0-shard-00-01.qkflv.mongodb.net:27017
[30m2022-01-11 20:16:11,453[0;39m [34m[0;39m[32m INFO[0;39m [[34mcluster-ClusterId{value='61ddd7786d474d5077c4a507', description='null'}-cluster0-shard-00-01.qkflv.mongodb.net:27017[0;39m] [33mcom.mongodb.diagnostics.logging.SLF4JLogger[0;39m : Monitor thread successfully connected to server with description ServerDescription{address=cluster0-shard-00-01.qkflv.mongodb.net:27017, type=REPLICA_SET_SECONDARY, state=CONNECTED, ok=true, minWireVersion=0, maxWireVersion=9, maxDocumentSize=16777216, logicalSessionTimeoutMinutes=30, roundTripTimeNanos=611644300, setName='atlas-fhc723-shard-0', canonicalAddress=cluster0-shard-00-01.qkflv.mongodb.net:27017, hosts=[cluster0-shard-00-01.qkflv.mongodb.net:27017, cluster0-shard-00-02.qkflv.mongodb.net:27017, cluster0-shard-00-00.qkflv.mongodb.net:27017], passives=[], arbiters=[], primary='cluster0-shard-00-02.qkflv.mongodb.net:27017', tagSet=TagSet{[Tag{name='nodeType', value='ELECTABLE'}, Tag{name='provider', value='AWS'}, Tag{name='region', value='EU_WEST_1'}, Tag{name='workloadType', value='OPERATIONAL'}]}, electionId=null, setVersion=6, topologyVersion=TopologyVersion{processId=61dc90e6bca282157b66d0a5, counter=3}, lastWriteDate=Tue Jan 11 20:15:16 WET 2022, lastUpdateTimeNanos=375816288423800}
[30m2022-01-11 20:16:11,555[0;39m [34m[0;39m[32m INFO[0;39m [[34mcluster-rtt-ClusterId{value='61ddd7786d474d5077c4a507', description='null'}-cluster0-shard-00-01.qkflv.mongodb.net:27017[0;39m] [33mcom.mongodb.diagnostics.logging.SLF4JLogger[0;39m : Opened connection [connectionId{localValue:4, serverValue:22909}] to cluster0-shard-00-01.qkflv.mongodb.net:27017
[30m2022-01-11 20:16:12,574[0;39m [34m[0;39m[32m INFO[0;39m [[34mrestartedMain[0;39m] [33morg.springframework.cloud.commons.util.InetUtils[0;39m : Cannot determine local hostname
[30m2022-01-11 20:16:13,058[0;39m [34m[0;39m[32m INFO[0;39m [[34mcluster-ClusterId{value='61ddd7786d474d5077c4a507', description='null'}-cluster0-shard-00-00.qkflv.mongodb.net:27017[0;39m] [33mcom.mongodb.diagnostics.logging.SLF4JLogger[0;39m : Opened connection [connectionId{localValue:1, serverValue:22645}] to cluster0-shard-00-00.qkflv.mongodb.net:27017
[30m2022-01-11 20:16:13,058[0;39m [34m[0;39m[32m INFO[0;39m [[34mcluster-ClusterId{value='61ddd7786d474d5077c4a507', description='null'}-cluster0-shard-00-00.qkflv.mongodb.net:27017[0;39m] [33mcom.mongodb.diagnostics.logging.SLF4JLogger[0;39m : Monitor thread successfully connected to server with description ServerDescription{address=cluster0-shard-00-00.qkflv.mongodb.net:27017, type=REPLICA_SET_SECONDARY, state=CONNECTED, ok=true, minWireVersion=0, maxWireVersion=9, maxDocumentSize=16777216, logicalSessionTimeoutMinutes=30, roundTripTimeNanos=1279648600, setName='atlas-fhc723-shard-0', canonicalAddress=cluster0-shard-00-00.qkflv.mongodb.net:27017, hosts=[cluster0-shard-00-01.qkflv.mongodb.net:27017, cluster0-shard-00-02.qkflv.mongodb.net:27017, cluster0-shard-00-00.qkflv.mongodb.net:27017], passives=[], arbiters=[], primary='cluster0-shard-00-02.qkflv.mongodb.net:27017', tagSet=TagSet{[Tag{name='nodeType', value='ELECTABLE'}, Tag{name='provider', value='AWS'}, Tag{name='region', value='EU_WEST_1'}, Tag{name='workloadType', value='OPERATIONAL'}]}, electionId=null, setVersion=6, topologyVersion=TopologyVersion{processId=61dc90b603e30a3f9934fc21, counter=4}, lastWriteDate=Tue Jan 11 20:15:18 WET 2022, lastUpdateTimeNanos=375817894792500}
[30m2022-01-11 20:16:13,059[0;39m [34m[0;39m[32m INFO[0;39m [[34mcluster-ClusterId{value='61ddd7786d474d5077c4a507', description='null'}-cluster0-shard-00-02.qkflv.mongodb.net:27017[0;39m] [33mcom.mongodb.diagnostics.logging.SLF4JLogger[0;39m : Opened connection [connectionId{localValue:3, serverValue:22977}] to cluster0-shard-00-02.qkflv.mongodb.net:27017
[30m2022-01-11 20:16:13,060[0;39m [34m[0;39m[32m INFO[0;39m [[34mcluster-ClusterId{value='61ddd7786d474d5077c4a507', description='null'}-cluster0-shard-00-02.qkflv.mongodb.net:27017[0;39m] [33mcom.mongodb.diagnostics.logging.SLF4JLogger[0;39m : Monitor thread successfully connected to server with description ServerDescription{address=cluster0-shard-00-02.qkflv.mongodb.net:27017, type=REPLICA_SET_PRIMARY, state=CONNECTED, ok=true, minWireVersion=0, maxWireVersion=9, maxDocumentSize=16777216, logicalSessionTimeoutMinutes=30, roundTripTimeNanos=1274230700, setName='atlas-fhc723-shard-0', canonicalAddress=cluster0-shard-00-02.qkflv.mongodb.net:27017, hosts=[cluster0-shard-00-01.qkflv.mongodb.net:27017, cluster0-shard-00-02.qkflv.mongodb.net:27017, cluster0-shard-00-00.qkflv.mongodb.net:27017], passives=[], arbiters=[], primary='cluster0-shard-00-02.qkflv.mongodb.net:27017', tagSet=TagSet{[Tag{name='nodeType', value='ELECTABLE'}, Tag{name='provider', value='AWS'}, Tag{name='region', value='EU_WEST_1'}, Tag{name='workloadType', value='OPERATIONAL'}]}, electionId=7fffffff0000000000000050, setVersion=6, topologyVersion=TopologyVersion{processId=61dc90ce998b3abb96874b41, counter=6}, lastWriteDate=Tue Jan 11 20:15:18 WET 2022, lastUpdateTimeNanos=375817896137900}
[30m2022-01-11 20:16:13,060[0;39m [34m[0;39m[32m INFO[0;39m [[34mcluster-ClusterId{value='61ddd7786d474d5077c4a507', description='null'}-cluster0-shard-00-02.qkflv.mongodb.net:27017[0;39m] [33mcom.mongodb.diagnostics.logging.SLF4JLogger[0;39m : Setting max election id to 7fffffff0000000000000050 from replica set primary cluster0-shard-00-02.qkflv.mongodb.net:27017
[30m2022-01-11 20:16:13,060[0;39m [34m[0;39m[32m INFO[0;39m [[34mcluster-ClusterId{value='61ddd7786d474d5077c4a507', description='null'}-cluster0-shard-00-02.qkflv.mongodb.net:27017[0;39m] [33mcom.mongodb.diagnostics.logging.SLF4JLogger[0;39m : Setting max set version to 6 from replica set primary cluster0-shard-00-02.qkflv.mongodb.net:27017
[30m2022-01-11 20:16:13,060[0;39m [34m[0;39m[32m INFO[0;39m [[34mcluster-ClusterId{value='61ddd7786d474d5077c4a507', description='null'}-cluster0-shard-00-02.qkflv.mongodb.net:27017[0;39m] [33mcom.mongodb.diagnostics.logging.SLF4JLogger[0;39m : Discovered replica set primary cluster0-shard-00-02.qkflv.mongodb.net:27017
[30m2022-01-11 20:16:13,705[0;39m [34m[0;39m[32m INFO[0;39m [[34mcluster-rtt-ClusterId{value='61ddd7786d474d5077c4a507', description='null'}-cluster0-shard-00-02.qkflv.mongodb.net:27017[0;39m] [33mcom.mongodb.diagnostics.logging.SLF4JLogger[0;39m : Opened connection [connectionId{localValue:2, serverValue:22952}] to cluster0-shard-00-02.qkflv.mongodb.net:27017
[30m2022-01-11 20:16:14,001[0;39m [34m[0;39m[32m INFO[0;39m [[34mrestartedMain[0;39m] [33morg.springframework.cloud.commons.util.InetUtils[0;39m : Cannot determine local hostname
[30m2022-01-11 20:16:14,203[0;39m [34m[0;39m[32m INFO[0;39m [[34mrestartedMain[0;39m] [33morg.springframework.boot.actuate.endpoint.web.EndpointLinksResolver[0;39m : Exposing 17 endpoint(s) beneath base path '/actuator'
[30m2022-01-11 20:16:15,765[0;39m [34m[0;39m[32m INFO[0;39m [[34mcluster-rtt-ClusterId{value='61ddd7786d474d5077c4a507', description='null'}-cluster0-shard-00-00.qkflv.mongodb.net:27017[0;39m] [33mcom.mongodb.diagnostics.logging.SLF4JLogger[0;39m : Opened connection [connectionId{localValue:6, serverValue:22646}] to cluster0-shard-00-00.qkflv.mongodb.net:27017
[30m2022-01-11 20:16:16,523[0;39m [34m[0;39m[32m INFO[0;39m [[34mrestartedMain[0;39m] [33morg.springframework.cloud.commons.util.InetUtils[0;39m : Cannot determine local hostname
[30m2022-01-11 20:16:16,538[0;39m [34m[0;39m[32m INFO[0;39m [[34mrestartedMain[0;39m] [33morg.springframework.cloud.netflix.eureka.config.DiscoveryClientOptionalArgsConfiguration[0;39m : Eureka HTTP Client uses RestTemplate.
[30m2022-01-11 20:16:16,634[0;39m [31m[0;39m[33m WARN[0;39m [[34mrestartedMain[0;39m] [33morg.springframework.cloud.loadbalancer.config.LoadBalancerCacheAutoConfiguration$LoadBalancerCaffeineWarnLogger[0;39m : Spring Cloud LoadBalancer is currently working with the default cache. You can switch to using Caffeine cache, by adding it and org.springframework.cache.caffeine.CaffeineCacheManager to the classpath.
[30m2022-01-11 20:16:16,709[0;39m [34m[0;39m[32m INFO[0;39m [[34mrestartedMain[0;39m] [33morg.springframework.cloud.netflix.eureka.InstanceInfoFactory[0;39m : Setting initial instance status as: STARTING
[30m2022-01-11 20:16:16,754[0;39m [34m[0;39m[32m INFO[0;39m [[34mrestartedMain[0;39m] [33mcom.netflix.discovery.DiscoveryClient[0;39m : Initializing Eureka in region us-east-1
[30m2022-01-11 20:16:16,759[0;39m [34m[0;39m[32m INFO[0;39m [[34mrestartedMain[0;39m] [33mcom.netflix.discovery.shared.resolver.aws.ConfigClusterResolver[0;39m : Resolving eureka endpoints via configuration
[30m2022-01-11 20:16:16,784[0;39m [34m[0;39m[32m INFO[0;39m [[34mrestartedMain[0;39m] [33mcom.netflix.discovery.DiscoveryClient[0;39m : Disable delta property : false
[30m2022-01-11 20:16:16,784[0;39m [34m[0;39m[32m INFO[0;39m [[34mrestartedMain[0;39m] [33mcom.netflix.discovery.DiscoveryClient[0;39m : Single vip registry refresh property : null
[30m2022-01-11 20:16:16,785[0;39m [34m[0;39m[32m INFO[0;39m [[34mrestartedMain[0;39m] [33mcom.netflix.discovery.DiscoveryClient[0;39m : Force full registry fetch : false
[30m2022-01-11 20:16:16,785[0;39m [34m[0;39m[32m INFO[0;39m [[34mrestartedMain[0;39m] [33mcom.netflix.discovery.DiscoveryClient[0;39m : Application is null : false
[30m2022-01-11 20:16:16,785[0;39m [34m[0;39m[32m INFO[0;39m [[34mrestartedMain[0;39m] [33mcom.netflix.discovery.DiscoveryClient[0;39m : Registered Applications size is zero : true
[30m2022-01-11 20:16:16,785[0;39m [34m[0;39m[32m INFO[0;39m [[34mrestartedMain[0;39m] [33mcom.netflix.discovery.DiscoveryClient[0;39m : Application version is -1: true
[30m2022-01-11 20:16:16,785[0;39m [34m[0;39m[32m INFO[0;39m [[34mrestartedMain[0;39m] [33mcom.netflix.discovery.DiscoveryClient[0;39m : Getting all instance registry info from the eureka server
[30m2022-01-11 20:16:17,697[0;39m [34m[0;39m[32m INFO[0;39m [[34mrestartedMain[0;39m] [33mcom.netflix.discovery.DiscoveryClient[0;39m : The response status is 200
[30m2022-01-11 20:16:17,700[0;39m [34m[0;39m[32m INFO[0;39m [[34mrestartedMain[0;39m] [33mcom.netflix.discovery.DiscoveryClient[0;39m : Starting heartbeat executor: renew interval is: 30
[30m2022-01-11 20:16:17,710[0;39m [34m[0;39m[32m INFO[0;39m [[34mrestartedMain[0;39m] [33mcom.netflix.discovery.InstanceInfoReplicator[0;39m : InstanceInfoReplicator onDemand update allowed rate per min is 4
[30m2022-01-11 20:16:17,714[0;39m [34m[0;39m[32m INFO[0;39m [[34mrestartedMain[0;39m] [33mcom.netflix.discovery.DiscoveryClient[0;39m : Discovery Client initialized at timestamp 1641928577713 with initial instances count: 9
[30m2022-01-11 20:16:17,718[0;39m [34m[0;39m[32m INFO[0;39m [[34mrestartedMain[0;39m] [33morg.springframework.cloud.netflix.eureka.serviceregistry.EurekaServiceRegistry[0;39m : Registering application CLIENT-SERVICE with eureka with status UP
[30m2022-01-11 20:16:17,719[0;39m [34m[0;39m[32m INFO[0;39m [[34mrestartedMain[0;39m] [33mcom.netflix.discovery.DiscoveryClient$3[0;39m : Saw local status change event StatusChangeEvent [timestamp=1641928577719, current=UP, previous=STARTING]
[30m2022-01-11 20:16:17,721[0;39m [34m[0;39m[32m INFO[0;39m [[34mDiscoveryClient-InstanceInfoReplicator-0[0;39m] [33mcom.netflix.discovery.DiscoveryClient[0;39m : DiscoveryClient_CLIENT-SERVICE/localhost:CLIENT-SERVICE: registering service...
[30m2022-01-11 20:16:17,744[0;39m [34m[0;39m[32m INFO[0;39m [[34mrestartedMain[0;39m] [33morg.springframework.boot.web.embedded.tomcat.TomcatWebServer[0;39m : Tomcat started on port(s): 8080 (http) with context path ''
[30m2022-01-11 20:16:17,745[0;39m [34m[0;39m[32m INFO[0;39m [[34mrestartedMain[0;39m] [33morg.springframework.cloud.netflix.eureka.serviceregistry.EurekaAutoServiceRegistration[0;39m : Updating port to 8080
[30m2022-01-11 20:16:18,574[0;39m [34m[0;39m[32m INFO[0;39m [[34mDiscoveryClient-InstanceInfoReplicator-0[0;39m] [33mcom.netflix.discovery.DiscoveryClient[0;39m : DiscoveryClient_CLIENT-SERVICE/localhost:CLIENT-SERVICE - registration status: 204
[30m2022-01-11 20:16:19,115[0;39m [34m[0;39m[32m INFO[0;39m [[34mrestartedMain[0;39m] [33morg.springframework.cloud.commons.util.InetUtils[0;39m : Cannot determine local hostname
[30m2022-01-11 20:16:20,487[0;39m [34m[0;39m[32m INFO[0;39m [[34mrestartedMain[0;39m] [33morg.springframework.cloud.commons.util.InetUtils[0;39m : Cannot determine local hostname
[30m2022-01-11 20:16:20,768[0;39m [34m[0;39m[32m INFO[0;39m [[34mrestartedMain[0;39m] [33morg.springframework.boot.StartupInfoLogger[0;39m : Started UserServiceApplication in 19.337 seconds (JVM running for 21.711)
[30m2022-01-11 20:16:21,015[0;39m [34m[0;39m[32m INFO[0;39m [[34mRMI TCP Connection(3)-172.29.48.1[0;39m] [33morg.apache.juli.logging.DirectJDKLog[0;39m : Initializing Spring DispatcherServlet 'dispatcherServlet'
[30m2022-01-11 20:16:21,016[0;39m [34m[0;39m[32m INFO[0;39m [[34mRMI TCP Connection(3)-172.29.48.1[0;39m] [33morg.springframework.web.servlet.FrameworkServlet[0;39m : Initializing Servlet 'dispatcherServlet'
[30m2022-01-11 20:16:21,020[0;39m [34m[0;39m[32m INFO[0;39m [[34mRMI TCP Connection(3)-172.29.48.1[0;39m] [33morg.springframework.web.servlet.FrameworkServlet[0;39m : Completed initialization in 3 ms
[30m2022-01-11 20:16:22,251[0;39m [34m[0;39m[32m INFO[0;39m [[34mRMI TCP Connection(5)-172.29.48.1[0;39m] [33mcom.mongodb.diagnostics.logging.SLF4JLogger[0;39m : Opened connection [connectionId{localValue:7, serverValue:22860}] to cluster0-shard-00-02.qkflv.mongodb.net:27017
[30m2022-01-11 20:16:22,390[0;39m [34m[0;39m[32m INFO[0;39m [[34mregistrationTask1[0;39m] [33mde.codecentric.boot.admin.client.registration.DefaultApplicationRegistrator[0;39m : Application registered itself as ee4946f0fcbb
[30m2022-01-11 20:19:48,375[0;39m [31m[0;39m[33m WARN[0;39m [[34mhttp-nio-8080-exec-7[0;39m] [33morg.springframework.web.servlet.mvc.method.annotation.ResponseEntityExceptionHandler[0;39m : Request method 'PUT' not supported
[30m2022-01-11 20:19:48,377[0;39m [31m[0;39m[33m WARN[0;39m [[34mhttp-nio-8080-exec-7[0;39m] [33morg.springframework.web.servlet.handler.AbstractHandlerExceptionResolver[0;39m : Resolved [org.springframework.web.HttpRequestMethodNotSupportedException: Request method 'PUT' not supported]
[30m2022-01-11 20:21:16,800[0;39m [34m[0;39m[32m INFO[0;39m [[34mAsyncResolver-bootstrap-executor-0[0;39m] [33mcom.netflix.discovery.shared.resolver.aws.ConfigClusterResolver[0;39m : Resolving eureka endpoints via configuration
[30m2022-01-11 20:24:14,688[0;39m [34m[0;39m[32m INFO[0;39m [[34mcluster-ClusterId{value='61ddd7786d474d5077c4a507', description='null'}-cluster0-shard-00-02.qkflv.mongodb.net:27017[0;39m] [33mcom.mongodb.diagnostics.logging.SLF4JLogger[0;39m : Exception in monitor thread while connecting to server cluster0-shard-00-02.qkflv.mongodb.net:27017
com.mongodb.MongoSocketReadTimeoutException: Timeout while receiving message
	at com.mongodb.internal.connection.InternalStreamConnection.translateReadException(InternalStreamConnection.java:630)
	at com.mongodb.internal.connection.InternalStreamConnection.receiveMessageWithAdditionalTimeout(InternalStreamConnection.java:515)
	at com.mongodb.internal.connection.InternalStreamConnection.receiveCommandMessageResponse(InternalStreamConnection.java:355)
	at com.mongodb.internal.connection.InternalStreamConnection.receive(InternalStreamConnection.java:315)
	at com.mongodb.internal.connection.DefaultServerMonitor$ServerMonitorRunnable.lookupServerDescription(DefaultServerMonitor.java:215)
	at com.mongodb.internal.connection.DefaultServerMonitor$ServerMonitorRunnable.run(DefaultServerMonitor.java:144)
	at java.lang.Thread.run(Thread.java:748)
Caused by: java.net.SocketTimeoutException: Read timed out
	at java.net.SocketInputStream.socketRead0(Native Method)
	at java.net.SocketInputStream.socketRead(SocketInputStream.java:116)
	at java.net.SocketInputStream.read(SocketInputStream.java:171)
	at java.net.SocketInputStream.read(SocketInputStream.java:141)
	at sun.security.ssl.InputRecord.readFully(InputRecord.java:465)
	at sun.security.ssl.InputRecord.read(InputRecord.java:503)
	at sun.security.ssl.SSLSocketImpl.readRecord(SSLSocketImpl.java:975)
	at sun.security.ssl.SSLSocketImpl.readDataRecord(SSLSocketImpl.java:933)
	at sun.security.ssl.AppInputStream.read(AppInputStream.java:105)
	at com.mongodb.internal.connection.SocketStream.read(SocketStream.java:109)
	at com.mongodb.internal.connection.SocketStream.read(SocketStream.java:131)
	at com.mongodb.internal.connection.InternalStreamConnection.receiveResponseBuffers(InternalStreamConnection.java:647)
	at com.mongodb.internal.connection.InternalStreamConnection.receiveMessageWithAdditionalTimeout(InternalStreamConnection.java:512)
	... 5 common frames omitted
[30m2022-01-11 20:24:15,558[0;39m [34m[0;39m[32m INFO[0;39m [[34mcluster-ClusterId{value='61ddd7786d474d5077c4a507', description='null'}-cluster0-shard-00-02.qkflv.mongodb.net:27017[0;39m] [33mcom.mongodb.diagnostics.logging.SLF4JLogger[0;39m : Opened connection [connectionId{localValue:8, serverValue:23118}] to cluster0-shard-00-02.qkflv.mongodb.net:27017
[30m2022-01-11 20:24:15,559[0;39m [34m[0;39m[32m INFO[0;39m [[34mcluster-ClusterId{value='61ddd7786d474d5077c4a507', description='null'}-cluster0-shard-00-02.qkflv.mongodb.net:27017[0;39m] [33mcom.mongodb.diagnostics.logging.SLF4JLogger[0;39m : Monitor thread successfully connected to server with description ServerDescription{address=cluster0-shard-00-02.qkflv.mongodb.net:27017, type=REPLICA_SET_PRIMARY, state=CONNECTED, ok=true, minWireVersion=0, maxWireVersion=9, maxDocumentSize=16777216, logicalSessionTimeoutMinutes=30, roundTripTimeNanos=724676100, setName='atlas-fhc723-shard-0', canonicalAddress=cluster0-shard-00-02.qkflv.mongodb.net:27017, hosts=[cluster0-shard-00-01.qkflv.mongodb.net:27017, cluster0-shard-00-02.qkflv.mongodb.net:27017, cluster0-shard-00-00.qkflv.mongodb.net:27017], passives=[], arbiters=[], primary='cluster0-shard-00-02.qkflv.mongodb.net:27017', tagSet=TagSet{[Tag{name='nodeType', value='ELECTABLE'}, Tag{name='provider', value='AWS'}, Tag{name='region', value='EU_WEST_1'}, Tag{name='workloadType', value='OPERATIONAL'}]}, electionId=7fffffff0000000000000050, setVersion=6, topologyVersion=TopologyVersion{processId=61dc90ce998b3abb96874b41, counter=6}, lastWriteDate=Tue Jan 11 20:23:21 WET 2022, lastUpdateTimeNanos=376300395363900}
[30m2022-01-11 20:24:15,559[0;39m [34m[0;39m[32m INFO[0;39m [[34mcluster-ClusterId{value='61ddd7786d474d5077c4a507', description='null'}-cluster0-shard-00-02.qkflv.mongodb.net:27017[0;39m] [33mcom.mongodb.diagnostics.logging.SLF4JLogger[0;39m : Discovered replica set primary cluster0-shard-00-02.qkflv.mongodb.net:27017
[30m2022-01-11 20:25:36,955[0;39m [31m[0;39m[33m WARN[0;39m [[34mhttp-nio-8080-exec-1[0;39m] [33morg.springframework.web.servlet.handler.AbstractHandlerExceptionResolver[0;39m : Resolved [org.springframework.web.bind.MissingServletRequestParameterException: Required request parameter 'userId' for method parameter type String is not present]
[30m2022-01-11 20:25:57,503[0;39m [31m[0;39m[33m WARN[0;39m [[34mhttp-nio-8080-exec-2[0;39m] [33morg.springframework.web.servlet.handler.AbstractHandlerExceptionResolver[0;39m : Resolved [org.springframework.web.bind.MissingServletRequestParameterException: Required request parameter 'userId' for method parameter type String is not present]
[30m2022-01-11 20:26:08,988[0;39m [31m[0;39m[33m WARN[0;39m [[34mhttp-nio-8080-exec-4[0;39m] [33morg.springframework.web.servlet.handler.AbstractHandlerExceptionResolver[0;39m : Resolved [org.springframework.web.bind.MissingServletRequestParameterException: Required request parameter 'userId' for method parameter type String is not present]
[30m2022-01-11 20:26:16,813[0;39m [34m[0;39m[32m INFO[0;39m [[34mAsyncResolver-bootstrap-executor-0[0;39m] [33mcom.netflix.discovery.shared.resolver.aws.ConfigClusterResolver[0;39m : Resolving eureka endpoints via configuration
[30m2022-01-11 20:26:29,457[0;39m [34m[0;39m[32m INFO[0;39m [[34mhttp-nio-8080-exec-3[0;39m] [33mcom.mongodb.diagnostics.logging.SLF4JLogger[0;39m : Closed connection [connectionId{localValue:7, serverValue:22860}] to cluster0-shard-00-02.qkflv.mongodb.net:27017 because there was a socket exception raised on another connection from this pool.
[30m2022-01-11 20:26:30,253[0;39m [34m[0;39m[32m INFO[0;39m [[34mhttp-nio-8080-exec-3[0;39m] [33mcom.mongodb.diagnostics.logging.SLF4JLogger[0;39m : Opened connection [connectionId{localValue:9, serverValue:22975}] to cluster0-shard-00-02.qkflv.mongodb.net:27017
[30m2022-01-11 20:26:38,363[0;39m [34m[0;39m[32m INFO[0;39m [[34mSpringApplicationShutdownHook[0;39m] [33morg.springframework.cloud.netflix.eureka.serviceregistry.EurekaServiceRegistry[0;39m : Unregistering application CLIENT-SERVICE with eureka with status DOWN
[30m2022-01-11 20:26:38,364[0;39m [34m[0;39m[32m INFO[0;39m [[34mSpringApplicationShutdownHook[0;39m] [33mcom.netflix.discovery.DiscoveryClient$3[0;39m : Saw local status change event StatusChangeEvent [timestamp=1641929198364, current=DOWN, previous=UP]
[30m2022-01-11 20:26:38,364[0;39m [34m[0;39m[32m INFO[0;39m [[34mDiscoveryClient-InstanceInfoReplicator-0[0;39m] [33mcom.netflix.discovery.DiscoveryClient[0;39m : DiscoveryClient_CLIENT-SERVICE/localhost:CLIENT-SERVICE: registering service...
[30m2022-01-11 20:26:38,491[0;39m [34m[0;39m[32m INFO[0;39m [[34mDiscoveryClient-InstanceInfoReplicator-0[0;39m] [33mcom.netflix.discovery.DiscoveryClient[0;39m : DiscoveryClient_CLIENT-SERVICE/localhost:CLIENT-SERVICE - registration status: 204
[30m2022-01-11 20:26:38,800[0;39m [34m[0;39m[32m INFO[0;39m [[34mSpringApplicationShutdownHook[0;39m] [33mcom.mongodb.diagnostics.logging.SLF4JLogger[0;39m : Closed connection [connectionId{localValue:9, serverValue:22975}] to cluster0-shard-00-02.qkflv.mongodb.net:27017 because the pool has been closed.
[30m2022-01-11 20:26:38,805[0;39m [34m[0;39m[32m INFO[0;39m [[34mSpringApplicationShutdownHook[0;39m] [33mcom.netflix.discovery.DiscoveryClient[0;39m : Shutting down DiscoveryClient ...
[30m2022-01-11 20:26:41,823[0;39m [34m[0;39m[32m INFO[0;39m [[34mSpringApplicationShutdownHook[0;39m] [33mcom.netflix.discovery.DiscoveryClient[0;39m : Unregistering ...
[30m2022-01-11 20:26:41,952[0;39m [34m[0;39m[32m INFO[0;39m [[34mSpringApplicationShutdownHook[0;39m] [33mcom.netflix.discovery.DiscoveryClient[0;39m : DiscoveryClient_CLIENT-SERVICE/localhost:CLIENT-SERVICE - deregister  status: 200
[30m2022-01-11 20:26:41,959[0;39m [34m[0;39m[32m INFO[0;39m [[34mSpringApplicationShutdownHook[0;39m] [33mcom.netflix.discovery.DiscoveryClient[0;39m : Completed shut down of DiscoveryClient
